Fixing common structure mistakes...
  No mistakes were found
Pre-treating metals...
Done treating metals
Assigning bond orders...
  Using CCD: True
  Assigned the following bonds (format: atom1, atom2, order): {(2505, 2506, 2), (94, 96, 2), (3600, 3602, 2), (4201, 4202, 2), (4242, 4243, 2), (4293, 4295, 2), (401, 403, 2), (4415, 4416, 1), (397, 400, 2), (3361, 3363, 2), (1309, 1310, 2), (1103, 1104, 2), (1386, 1388, 2), (2950, 2952, 2), (1100, 1102, 2), (3283, 3284, 2), (3511, 3512, 2), (3743, 3744, 2), (2885, 2886, 2), (1037, 1039, 2), (3172, 3174, 2), (4296, 4297, 2), (4061, 4064, 2), (2501, 2503, 2), (504, 506, 2), (4360, 4362, 2), (3878, 3880, 2), (508, 509, 2), (2028, 2030, 2), (1318, 1320, 2), (2636, 2638, 2), (1476, 1477, 2), (1210, 1212, 2), (4179, 4180, 2), (2951, 2953, 2), (677, 679, 2), (3365, 3366, 2), (2218, 2220, 2), (2425, 2426, 2), (3280, 3282, 2), (1952, 1953, 2), (1321, 1322, 2), (219, 221, 2), (2881, 2883, 2), (3408, 3410, 2), (4292, 4294, 2), (4282, 4283, 2), (1769, 1772, 2), (2221, 2222, 2), (1389, 1390, 2), (2715, 2716, 2), (1490, 1491, 2), (2024, 2027, 2), (3739, 3741, 2), (1472, 1474, 2), (62, 63, 2), (117, 119, 2), (220, 222, 2), (4363, 4364, 2), (2882, 2884, 2), (921, 923, 2), (1213, 1214, 2), (1036, 1038, 2), (1985, 1988, 2), (3404, 3407, 2), (4065, 4067, 2), (680, 681, 2), (1486, 1488, 2), (1774, 1776, 2), (666, 668, 2), (2712, 2714, 2), (557, 558, 2), (3409, 3411, 2), (3881, 3882, 2), (4238, 4240, 2), (2422, 2424, 2), (2552, 2554, 2), (1385, 1387, 2), (381, 384, 2), (553, 555, 2), (1209, 1211, 2), (1990, 1992, 2), (2555, 2556, 2), (4066, 4068, 2), (924, 925, 2), (1099, 1101, 2), (2029, 2031, 2), (4239, 4241, 2), (1487, 1489, 2), (3279, 3281, 2), (2421, 2423, 2), (662, 665, 2), (3877, 3879, 2), (4198, 4200, 2), (59, 61, 2), (3508, 3510, 2), (667, 669, 2), (1, 6, 2), (120, 121, 2), (2217, 2219, 2), (1948, 1950, 2), (691, 693, 2), (3581, 3583, 2), (4197, 4199, 2), (4278, 4280, 2), (386, 388, 2), (2502, 2504, 2), (505, 507, 2), (2551, 2553, 2), (1305, 1307, 2), (58, 60, 2), (4359, 4361, 2), (1989, 1991, 2), (1949, 1951, 2), (2639, 2640, 2), (3173, 3175, 2), (97, 98, 2), (4279, 4281, 2), (116, 118, 2), (3603, 3604, 2), (676, 678, 2), (3577, 3580, 2), (3507, 3509, 2), (223, 224, 2), (402, 404, 2), (1773, 1775, 2), (3362, 3364, 2), (93, 95, 2), (694, 695, 2), (1317, 1319, 2), (3475, 3476, 2), (385, 387, 2), (4415, 4421, 2), (4, 5, 2), (3740, 3742, 2), (2635, 2637, 2), (3471, 3473, 2), (2711, 2713, 2), (4175, 4177, 2), (2, 3, 2), (3599, 3601, 2), (2954, 2955, 2), (3176, 3177, 2), (554, 556, 2), (1040, 1041, 2), (920, 922, 2), (3582, 3584, 2), (1473, 1475, 2), (4176, 4178, 2), (690, 692, 2), (1306, 1308, 2), (3472, 3474, 2)}
Removing and re-adding hydrogens...
Treating metals...
Creating di-sulfur bonds...
Deleting far waters...
Capping protein termini...
Replacing oxygen 3614 because it makes makes fewer H-bonds
CapTermini:     Added NMA Cap: A:533A
CapTermini:     Added ACE Cap: A:81
  The following terminal residues have been capped: A:533, A:82
Finding het groups (for Epik)...
Processing 1 het groups...
  File "/opt/schrodinger2022-4/internal/lib/python3.8/site-packages/schrodinger/tasks/tasks.py", line 970, in guard
    yield
  File "/opt/schrodinger2022-4/internal/lib/python3.8/site-packages/schrodinger/tasks/tasks.py", line 1255, in runBackend
    self.mainFunction()
  File "/opt/schrodinger2022-4/internal/lib/python3.8/site-packages/schrodinger/application/prepwizard2/tasks.py", line 1157, in mainFunction
    epik_out_sts = self._runEpik(sts_to_run_epik_on)
  File "/opt/schrodinger2022-4/internal/lib/python3.8/site-packages/schrodinger/application/prepwizard2/tasks.py", line 1191, in _runEpik
    epik_out_sts = self._runEpikJob(in_file, out_file, ph, pht, ms)
  File "/opt/schrodinger2022-4/internal/lib/python3.8/site-packages/schrodinger/application/prepwizard2/tasks.py", line 1205, in _runEpikJob
    ret = subprocess.call(cmd)
  File "/opt/schrodinger2022-4/internal/lib/python3.8/subprocess.py", line 340, in call
    with Popen(*popenargs, **kwargs) as p:
  File "/opt/schrodinger2022-4/internal/lib/python3.8/subprocess.py", line 858, in __init__
    self._execute_child(args, executable, preexec_fn, close_fds,
  File "/opt/schrodinger2022-4/internal/lib/python3.8/subprocess.py", line 1704, in _execute_child
    raise child_exception_type(errno_num, err_msg, err_filename)
<GenerateStatesTask: CPX-19MPZ600-SRC-proteinprep_1-preprocess-genstates - WAITING>> failed: FileNotFoundError("[Errno 2] No such file or directory: '/opt/schrodinger2022-4/epik'")
  File "/opt/schrodinger2022-4/internal/lib/python3.8/site-packages/schrodinger/tasks/tasks.py", line 970, in guard
    yield
  File "/opt/schrodinger2022-4/internal/lib/python3.8/site-packages/schrodinger/tasks/tasks.py", line 1255, in runBackend
    self.mainFunction()
  File "/opt/schrodinger2022-4/internal/lib/python3.8/site-packages/schrodinger/application/prepwizard2/tasks.py", line 1157, in mainFunction
    epik_out_sts = self._runEpik(sts_to_run_epik_on)
  File "/opt/schrodinger2022-4/internal/lib/python3.8/site-packages/schrodinger/application/prepwizard2/tasks.py", line 1191, in _runEpik
    epik_out_sts = self._runEpikJob(in_file, out_file, ph, pht, ms)
  File "/opt/schrodinger2022-4/internal/lib/python3.8/site-packages/schrodinger/application/prepwizard2/tasks.py", line 1205, in _runEpikJob
    ret = subprocess.call(cmd)
  File "/opt/schrodinger2022-4/internal/lib/python3.8/subprocess.py", line 340, in call
    with Popen(*popenargs, **kwargs) as p:
  File "/opt/schrodinger2022-4/internal/lib/python3.8/subprocess.py", line 858, in __init__
    self._execute_child(args, executable, preexec_fn, close_fds,
  File "/opt/schrodinger2022-4/internal/lib/python3.8/subprocess.py", line 1704, in _execute_child
    raise child_exception_type(errno_num, err_msg, err_filename)

[Errno 2] No such file or directory: '/opt/schrodinger2022-4/epik'
  File "/opt/schrodinger2022-4/internal/lib/python3.8/site-packages/schrodinger/tasks/tasks.py", line 970, in guard
    yield
  File "/opt/schrodinger2022-4/internal/lib/python3.8/site-packages/schrodinger/tasks/tasks.py", line 1255, in runBackend
    self.mainFunction()
  File "/opt/schrodinger2022-4/internal/lib/python3.8/site-packages/schrodinger/application/prepwizard2/tasks.py", line 1157, in mainFunction
    epik_out_sts = self._runEpik(sts_to_run_epik_on)
  File "/opt/schrodinger2022-4/internal/lib/python3.8/site-packages/schrodinger/application/prepwizard2/tasks.py", line 1191, in _runEpik
    epik_out_sts = self._runEpikJob(in_file, out_file, ph, pht, ms)
  File "/opt/schrodinger2022-4/internal/lib/python3.8/site-packages/schrodinger/application/prepwizard2/tasks.py", line 1205, in _runEpikJob
    ret = subprocess.call(cmd)
  File "/opt/schrodinger2022-4/internal/lib/python3.8/subprocess.py", line 340, in call
    with Popen(*popenargs, **kwargs) as p:
  File "/opt/schrodinger2022-4/internal/lib/python3.8/subprocess.py", line 858, in __init__
    self._execute_child(args, executable, preexec_fn, close_fds,
  File "/opt/schrodinger2022-4/internal/lib/python3.8/subprocess.py", line 1704, in _execute_child
    raise child_exception_type(errno_num, err_msg, err_filename)
<GenerateStatesTask: CPX-19MPZ600-SRC-proteinprep_1-preprocess-genstates - RUNNING>> failed: FileNotFoundError("[Errno 2] No such file or directory: '/opt/schrodinger2022-4/epik'")
  File "/opt/schrodinger2022-4/internal/lib/python3.8/site-packages/schrodinger/tasks/tasks.py", line 970, in guard
    yield
  File "/opt/schrodinger2022-4/internal/lib/python3.8/site-packages/schrodinger/tasks/tasks.py", line 1255, in runBackend
    self.mainFunction()
  File "/opt/schrodinger2022-4/internal/lib/python3.8/site-packages/schrodinger/application/prepwizard2/tasks.py", line 326, in mainFunction
    expanded_sts = self._generateStates(st)
  File "/opt/schrodinger2022-4/internal/lib/python3.8/site-packages/schrodinger/application/prepwizard2/tasks.py", line 587, in _generateStates
    raise RuntimeError('Failed to generate het states')
<PreprocessTask: CPX-19MPZ600-SRC-proteinprep_1-preprocess - WAITING>> failed: RuntimeError("Failed to generate het states")
  File "/opt/schrodinger2022-4/internal/lib/python3.8/site-packages/schrodinger/tasks/tasks.py", line 970, in guard
    yield
  File "/opt/schrodinger2022-4/internal/lib/python3.8/site-packages/schrodinger/tasks/tasks.py", line 1255, in runBackend
    self.mainFunction()
  File "/opt/schrodinger2022-4/internal/lib/python3.8/site-packages/schrodinger/application/prepwizard2/tasks.py", line 326, in mainFunction
    expanded_sts = self._generateStates(st)
  File "/opt/schrodinger2022-4/internal/lib/python3.8/site-packages/schrodinger/application/prepwizard2/tasks.py", line 587, in _generateStates
    raise RuntimeError('Failed to generate het states')

Failed to generate het states
