Job launching command:
$SCHRODINGER/utilities/multisim -JOBNAME desmond_setup_1 -m desmond_setup_1.msj desmond_setup_1.mae -o desmond_setup_1-out.cms -HOST localhost -PROJ /home/aman/.schrodinger/tmp/Tmp_20Aug2024_1420_32519 -DISP append -VIEWNAME system_builder_gui.SystemBuilderPanel -TMPLAUNCHDIR

Booting the multisim workflow engine...
           multisim version: 4.0.0
            mmshare version: 6.0
                    Jobname: desmond_setup_1
                   Username: aman
              Main job host: undetected
                Subjob host: localhost
                     Job ID: aman-OptiPlex-3010-0-66c4450a
            multisim script: desmond_setup_1.msj
       Structure input file: desmond_setup_1.mae
            CPUs per subjob: "1"
             Job start time: Tue Aug 20 14:26:06 2024
           Launch directory: /home/aman/Desktop/8-MD simulation-Yanang/2-MPZ600-MD/desmond_setup_1
               $SCHRODINGER: /opt/schrodinger2022-4
               $OPLS_DIR: <empty>

Parsing the multisim script file...

Summary of user stages:
  stage 1 - task
  stage 2 - build_geometry
  stage 3 - assign_forcefield
(3 stages in total)

Workflow is started now.

Stage 1 - task
stage[1] task: Detecting system type...
stage[1] task:   It seems a raw geometry for regular molecular dynamics simulations
stage[1] task: Recognizing traits of system...
stage[1] task:   (none)

Stage 1 completed successfully.

Stage 1 duration: 0h 0' 0"


Stage 2 - build_geometry
[running at reduced cpu priority]

Running subjobs on hosts:
  localhost (Max: 1)
Number of jobs:       1
Max retries per job:  3
Max allowed failures: unlimited
Verbosity:            normal

Starting JobDJ...

Keep one job on driver host: False
JobDJ columns:
  C: Number of completed subjobs
  A: Number of active subjobs (e.g., submitted, running)
  W: Number of waiting/pending subjobs

C A W | Activity  JobId  JobName  JobHost
- - - | --------- -----------------------
0 1 0 | launched  aman-OptiPlex-3010-0-66c44512 desmond_setup_1_2-in localhost [aman-OptiPlex-3010]
1 0 0 | finished  aman-OptiPlex-3010-0-66c44512 desmond_setup_1_2-in localhost [aman-OptiPlex-3010]

All jobs have completed.

1 of 1 job(s) succeeded; 0 job(s) failed.


Job("aman-OptiPlex-3010-0-66c44512") was successfully finished.
  Host       : localhost
  Launch time: Tue Aug 20 14:26:10 2024
  Start time : Tue Aug 20 14:26:10 2024
  End time   : Tue Aug 20 14:26:32 2024
  Duration   : 0h 0' 22"
  CPUs       : 1
  CPU time   : 0h 0' 22"
  Exit code  : 0
  Jobname    : desmond_setup_1_2
  Stage      : 2 (build_geometry)

Stage 2 completed successfully.

Stage 2 duration: 0h 0' 26"


Stage 3 - assign_forcefield
Running force_field_builder version 60132

OPLS Version: OPLS_2005
FEP mode: 2
FEP retain angle: 2
Skip creating the fepio_fep block
Reading input structures (17358857 bytes).
Creating New ffio_ff block...
Creating molsym
Creating New ffio_ff block...
Creating molsym
Creating New ffio_ff block...
Creating molsym
Creating New ffio_ff block...
Creating molsym
Creating New ffio_ff block...
Creating molsym

force_field_builder: job successfully run

Writing 6 structures to desmond_setup_1_3-out.mae
wrote : 17358857 bytes

Stage 3 completed successfully.

Stage 3 duration: 0h 0' 19"

Cleaning up files...

Multisim summary (Tue Aug 20 14:26:54 2024):
  Stage 1 completed.
  Stage 2 completed.
  Stage 3 completed.
  Total duration: 0h 0' 47"
Multisim completed.
