Fixing common structure mistakes...
  No mistakes were found
Pre-treating metals...
Done treating metals
Assigning bond orders...
  Using CCD: True
  Assigned the following bonds (format: atom1, atom2, order): {(34, 35, 2), (2912, 2913, 2), (4323, 4324, 2), (14, 24, 2), (120, 122, 2), (2528, 2530, 2), (3392, 3393, 2), (693, 695, 2), (947, 949, 2), (144, 146, 2), (951, 952, 2), (4093, 4095, 2), (4306, 4308, 2), (1126, 1128, 2), (246, 248, 2), (2448, 2450, 2), (717, 719, 2), (26, 30, 2), (2529, 2531, 2), (2663, 2665, 2), (532, 534, 2), (1800, 1802, 2), (4228, 4229, 2), (2977, 2979, 2), (4442, 4448, 2), (2056, 2058, 2), (3388, 3390, 2), (3199, 3201, 2), (2666, 2667, 2), (85, 87, 2), (3627, 3629, 2), (4386, 4388, 2), (3203, 3204, 2), (703, 705, 2), (4092, 4094, 2), (147, 148, 2), (2016, 2018, 2), (2244, 2246, 2), (535, 536, 2), (1345, 1347, 2), (3436, 3438, 2), (3630, 3631, 2), (4320, 4322, 2), (4442, 4443, 1), (28, 32, 2), (3389, 3391, 2), (3766, 3768, 2), (1801, 1803, 2), (2452, 2453, 2), (429, 431, 2), (4203, 4205, 2), (721, 722, 2), (2017, 2019, 2), (3200, 3202, 2), (412, 414, 2), (1064, 1066, 2), (3767, 3769, 2), (143, 145, 2), (531, 533, 2), (1514, 1516, 2), (2051, 2054, 2), (4206, 4207, 2), (1499, 1501, 2), (2738, 2740, 2), (2582, 2583, 2), (694, 696, 2), (3770, 3771, 2), (1127, 1129, 2), (581, 583, 2), (1975, 1977, 2), (4266, 4268, 2), (4390, 4391, 2), (7, 12, 2), (8, 18, 2), (4305, 4307, 2), (707, 708, 2), (1412, 1414, 2), (3307, 3309, 2), (1979, 1980, 2), (3499, 3501, 2), (3535, 3537, 2), (1413, 1415, 2), (2909, 2911, 2), (584, 585, 2), (31, 36, 2), (121, 123, 2), (428, 430, 2), (4309, 4310, 2), (1796, 1799, 2), (1503, 1504, 2), (1500, 1502, 2), (16, 25, 2), (4224, 4226, 2), (1336, 1337, 2), (3538, 3539, 2), (3502, 3503, 2), (948, 950, 2), (1067, 1068, 2), (3904, 3906, 2), (2449, 2451, 2), (29, 33, 2), (2662, 2664, 2), (3431, 3434, 2), (1236, 1238, 2), (4088, 4091, 2), (718, 720, 2), (1513, 1515, 2), (3626, 3628, 2), (247, 249, 2), (2245, 2247, 2), (1416, 1417, 2), (1130, 1131, 2), (1976, 1978, 2), (3306, 3308, 2), (2012, 2015, 2), (689, 692, 2), (580, 582, 2), (3609, 3611, 2), (4225, 4227, 2), (424, 427, 2), (37, 38, 2), (2978, 2980, 2), (250, 251, 2), (3310, 3311, 2), (1333, 1335, 2), (2739, 2741, 2), (86, 88, 2), (124, 125, 2), (3908, 3909, 2), (4387, 4389, 2), (2908, 2910, 2), (1348, 1349, 2), (2981, 2982, 2), (2742, 2743, 2), (89, 90, 2), (1237, 1239, 2), (408, 411, 2), (2578, 2580, 2), (704, 706, 2), (1063, 1065, 2), (4202, 4204, 2), (2248, 2249, 2), (15, 27, 2), (1344, 1346, 2), (2532, 2533, 2), (3435, 3437, 2), (4319, 4321, 2), (1240, 1241, 2), (1517, 1518, 2), (4265, 4267, 2), (3604, 3607, 2), (3534, 3536, 2), (21, 23, 2), (4269, 4270, 2), (3608, 3610, 2), (413, 415, 2), (2579, 2581, 2), (1332, 1334, 2), (3905, 3907, 2), (3498, 3500, 2), (2055, 2057, 2)}
Removing and re-adding hydrogens...
Treating metals...
Creating di-sulfur bonds...
Deleting far waters...
Capping protein termini...
Replacing oxygen 3638 because it makes makes fewer H-bonds
CapTermini:     Added NMA Cap: A:533A
CapTermini:     Added ACE Cap: A:81
  The following terminal residues have been capped: A:533, A:82
Finding het groups (for Epik)...
Processing 1 het groups...
  File "/opt/schrodinger2022-4/internal/lib/python3.8/site-packages/schrodinger/tasks/tasks.py", line 970, in guard
    yield
  File "/opt/schrodinger2022-4/internal/lib/python3.8/site-packages/schrodinger/tasks/tasks.py", line 1255, in runBackend
    self.mainFunction()
  File "/opt/schrodinger2022-4/internal/lib/python3.8/site-packages/schrodinger/application/prepwizard2/tasks.py", line 1157, in mainFunction
    epik_out_sts = self._runEpik(sts_to_run_epik_on)
  File "/opt/schrodinger2022-4/internal/lib/python3.8/site-packages/schrodinger/application/prepwizard2/tasks.py", line 1191, in _runEpik
    epik_out_sts = self._runEpikJob(in_file, out_file, ph, pht, ms)
  File "/opt/schrodinger2022-4/internal/lib/python3.8/site-packages/schrodinger/application/prepwizard2/tasks.py", line 1205, in _runEpikJob
    ret = subprocess.call(cmd)
  File "/opt/schrodinger2022-4/internal/lib/python3.8/subprocess.py", line 340, in call
    with Popen(*popenargs, **kwargs) as p:
  File "/opt/schrodinger2022-4/internal/lib/python3.8/subprocess.py", line 858, in __init__
    self._execute_child(args, executable, preexec_fn, close_fds,
  File "/opt/schrodinger2022-4/internal/lib/python3.8/subprocess.py", line 1704, in _execute_child
    raise child_exception_type(errno_num, err_msg, err_filename)
<GenerateStatesTask: CPX-6Telobine_SRC-proteinprep_1-preprocess-genstates - WAITING>> failed: FileNotFoundError("[Errno 2] No such file or directory: '/opt/schrodinger2022-4/epik'")
  File "/opt/schrodinger2022-4/internal/lib/python3.8/site-packages/schrodinger/tasks/tasks.py", line 970, in guard
    yield
  File "/opt/schrodinger2022-4/internal/lib/python3.8/site-packages/schrodinger/tasks/tasks.py", line 1255, in runBackend
    self.mainFunction()
  File "/opt/schrodinger2022-4/internal/lib/python3.8/site-packages/schrodinger/application/prepwizard2/tasks.py", line 1157, in mainFunction
    epik_out_sts = self._runEpik(sts_to_run_epik_on)
  File "/opt/schrodinger2022-4/internal/lib/python3.8/site-packages/schrodinger/application/prepwizard2/tasks.py", line 1191, in _runEpik
    epik_out_sts = self._runEpikJob(in_file, out_file, ph, pht, ms)
  File "/opt/schrodinger2022-4/internal/lib/python3.8/site-packages/schrodinger/application/prepwizard2/tasks.py", line 1205, in _runEpikJob
    ret = subprocess.call(cmd)
  File "/opt/schrodinger2022-4/internal/lib/python3.8/subprocess.py", line 340, in call
    with Popen(*popenargs, **kwargs) as p:
  File "/opt/schrodinger2022-4/internal/lib/python3.8/subprocess.py", line 858, in __init__
    self._execute_child(args, executable, preexec_fn, close_fds,
  File "/opt/schrodinger2022-4/internal/lib/python3.8/subprocess.py", line 1704, in _execute_child
    raise child_exception_type(errno_num, err_msg, err_filename)

[Errno 2] No such file or directory: '/opt/schrodinger2022-4/epik'
  File "/opt/schrodinger2022-4/internal/lib/python3.8/site-packages/schrodinger/tasks/tasks.py", line 970, in guard
    yield
  File "/opt/schrodinger2022-4/internal/lib/python3.8/site-packages/schrodinger/tasks/tasks.py", line 1255, in runBackend
    self.mainFunction()
  File "/opt/schrodinger2022-4/internal/lib/python3.8/site-packages/schrodinger/application/prepwizard2/tasks.py", line 1157, in mainFunction
    epik_out_sts = self._runEpik(sts_to_run_epik_on)
  File "/opt/schrodinger2022-4/internal/lib/python3.8/site-packages/schrodinger/application/prepwizard2/tasks.py", line 1191, in _runEpik
    epik_out_sts = self._runEpikJob(in_file, out_file, ph, pht, ms)
  File "/opt/schrodinger2022-4/internal/lib/python3.8/site-packages/schrodinger/application/prepwizard2/tasks.py", line 1205, in _runEpikJob
    ret = subprocess.call(cmd)
  File "/opt/schrodinger2022-4/internal/lib/python3.8/subprocess.py", line 340, in call
    with Popen(*popenargs, **kwargs) as p:
  File "/opt/schrodinger2022-4/internal/lib/python3.8/subprocess.py", line 858, in __init__
    self._execute_child(args, executable, preexec_fn, close_fds,
  File "/opt/schrodinger2022-4/internal/lib/python3.8/subprocess.py", line 1704, in _execute_child
    raise child_exception_type(errno_num, err_msg, err_filename)
<GenerateStatesTask: CPX-6Telobine_SRC-proteinprep_1-preprocess-genstates - RUNNING>> failed: FileNotFoundError("[Errno 2] No such file or directory: '/opt/schrodinger2022-4/epik'")
  File "/opt/schrodinger2022-4/internal/lib/python3.8/site-packages/schrodinger/tasks/tasks.py", line 970, in guard
    yield
  File "/opt/schrodinger2022-4/internal/lib/python3.8/site-packages/schrodinger/tasks/tasks.py", line 1255, in runBackend
    self.mainFunction()
  File "/opt/schrodinger2022-4/internal/lib/python3.8/site-packages/schrodinger/application/prepwizard2/tasks.py", line 326, in mainFunction
    expanded_sts = self._generateStates(st)
  File "/opt/schrodinger2022-4/internal/lib/python3.8/site-packages/schrodinger/application/prepwizard2/tasks.py", line 587, in _generateStates
    raise RuntimeError('Failed to generate het states')
<PreprocessTask: CPX-6Telobine_SRC-proteinprep_1-preprocess - WAITING>> failed: RuntimeError("Failed to generate het states")
  File "/opt/schrodinger2022-4/internal/lib/python3.8/site-packages/schrodinger/tasks/tasks.py", line 970, in guard
    yield
  File "/opt/schrodinger2022-4/internal/lib/python3.8/site-packages/schrodinger/tasks/tasks.py", line 1255, in runBackend
    self.mainFunction()
  File "/opt/schrodinger2022-4/internal/lib/python3.8/site-packages/schrodinger/application/prepwizard2/tasks.py", line 326, in mainFunction
    expanded_sts = self._generateStates(st)
  File "/opt/schrodinger2022-4/internal/lib/python3.8/site-packages/schrodinger/application/prepwizard2/tasks.py", line 587, in _generateStates
    raise RuntimeError('Failed to generate het states')

Failed to generate het states
